Arguments: 
  /Users/luyi/.nvm/versions/node/v14.17.0/bin/node /Users/luyi/.nvm/versions/node/v14.17.0/bin/yarn add -D @nomiclabs/hardhat-ganache

PATH: 
  /Users/luyi/.nvm/versions/node/v14.17.0/bin:/Users/luyi/.composer/vendor/bin:/usr/local/opt/qt/bin:/usr/local/opt/mysql@5.7/bin:/Users/luyi/.gvm/bin:/Users/luyi/.rvm/gems/ruby-2.5.8/bin:/Users/luyi/.rvm/gems/ruby-2.5.8@global/bin:/Users/luyi/.rvm/rubies/ruby-2.5.8/bin:/usr/local/bin:/usr/bin:/bin:/usr/sbin:/sbin:/Library/Apple/usr/bin:/Users/luyi/.rvm/bin:/usr/local/bin:/usr/local/sbin:/usr/bin:/bin:/sbin:/usr/sbin:/Users/luyi/.composer/vendor/bin

Yarn version: 
  1.22.15

Node version: 
  14.17.0

Platform: 
  darwin x64

Trace: 
  SyntaxError: /Users/luyi/Github/loty/package.json: Unexpected token / in JSON at position 31
      at JSON.parse (<anonymous>)
      at /Users/luyi/.nvm/versions/node/v14.17.0/lib/node_modules/yarn/lib/cli.js:1625:59
      at Generator.next (<anonymous>)
      at step (/Users/luyi/.nvm/versions/node/v14.17.0/lib/node_modules/yarn/lib/cli.js:310:30)
      at /Users/luyi/.nvm/versions/node/v14.17.0/lib/node_modules/yarn/lib/cli.js:321:13

npm manifest: 
  {
    "name": "hardhat-project",
  //  script
    "devDependencies": {
      "@nomiclabs/hardhat-ethers": "^2.0.5",
      "@nomiclabs/hardhat-etherscan": "^3.0.3",
      "@nomiclabs/hardhat-waffle": "^2.0.3",
      "@typechain/ethers-v5": "^7.2.0",
      "@typechain/hardhat": "^2.3.1",
      "@types/chai": "^4.3.0",
      "@types/mocha": "^9.1.0",
      "@types/node": "^12.20.47",
      "@typescript-eslint/eslint-plugin": "^4.33.0",
      "@typescript-eslint/parser": "^4.33.0",
      "chai": "^4.3.6",
      "dotenv": "^10.0.0",
      "eslint": "^7.32.0",
      "eslint-config-prettier": "^8.5.0",
      "eslint-config-standard": "^16.0.3",
      "eslint-plugin-import": "^2.26.0",
      "eslint-plugin-node": "^11.1.0",
      "eslint-plugin-prettier": "^3.4.1",
      "eslint-plugin-promise": "^5.2.0",
      "ethereum-waffle": "^3.4.4",
      "ethers": "^5.6.2",
      "hardhat": "^2.9.3",
      "hardhat-gas-reporter": "^1.0.8",
      "prettier": "^2.6.2",
      "prettier-plugin-solidity": "^1.0.0-beta.19",
      "solhint": "^3.3.7",
      "solidity-coverage": "^0.7.20",
      "ts-node": "^10.7.0",
      "typechain": "^5.2.0",
      "typescript": "^4.6.3"
    }
  }

yarn manifest: 
  No manifest

Lockfile: 
  No lockfile
